<?xml version="1.0" encoding="UTF-8"?>
<testng-results skipped="0" failed="0" total="1" passed="1">
  <reporter-output>
  </reporter-output>
  <suite name="Default suite" duration-ms="40777" started-at="2018-03-07T07:29:27Z" finished-at="2018-03-07T07:30:08Z">
    <groups>
    </groups>
    <test name="Default test" duration-ms="40777" started-at="2018-03-07T07:29:27Z" finished-at="2018-03-07T07:30:08Z">
      <class name="Shopno_NG.ShopnoTest">
        <test-method status="PASS" signature="beforeMethod()[pri:0, instance:Shopno_NG.ShopnoTest@1a12c68]" name="beforeMethod" is-config="true" duration-ms="3727" started-at="2018-03-07T13:29:27Z" finished-at="2018-03-07T13:29:31Z">
          <reporter-output>
          </reporter-output>
        </test-method> <!-- beforeMethod -->
        <test-method status="PASS" signature="main()[pri:0, instance:Shopno_NG.ShopnoTest@1a12c68]" name="main" duration-ms="37019" started-at="2018-03-07T13:29:31Z" finished-at="2018-03-07T13:30:08Z">
          <reporter-output>
          </reporter-output>
        </test-method> <!-- main -->
        <test-method status="PASS" signature="afterMethod()[pri:0, instance:Shopno_NG.ShopnoTest@1a12c68]" name="afterMethod" is-config="true" duration-ms="0" started-at="2018-03-07T13:30:08Z" finished-at="2018-03-07T13:30:08Z">
          <reporter-output>
          </reporter-output>
        </test-method> <!-- afterMethod -->
      </class> <!-- Shopno_NG.ShopnoTest -->
    </test> <!-- Default test -->
  </suite> <!-- Default suite -->
</testng-results>
